/home/se/Documents/clion-2021.2.1/bin/cmake/linux/bin/cmake -DCMAKE_BUILD_TYPE=Debug -DCMAKE_DEPENDS_USE_COMPILER=FALSE -G "CodeBlocks - Unix Makefiles" /home/se/Documents/znfs
-- The C compiler identification is GNU 5.4.0
-- The CXX compiler identification is unknown
-- Detecting C compiler ABI info
-- Detecting C compiler ABI info - failed
-- Check for working C compiler: /usr/bin/cc
-- Check for working C compiler: /usr/bin/cc - broken
CMake Error at /home/se/Documents/clion-2021.2.1/bin/cmake/linux/share/cmake-3.20/Modules/CMakeTestCCompiler.cmake:66 (message):
  The C compiler

    "/usr/bin/cc"

  is not able to compile a simple test program.

  It fails with the following output:

    Change Dir: /home/se/Documents/znfs/cmake-build-debug/CMakeFiles/CMakeTmp
    
    Run Build Command(s):/usr/bin/make -f Makefile cmTC_7ec63/fast && /usr/bin/make  -f CMakeFiles/cmTC_7ec63.dir/build.make CMakeFiles/cmTC_7ec63.dir/build
    make[1]: Entering directory '/home/se/Documents/znfs/cmake-build-debug/CMakeFiles/CMakeTmp'
    Building C object CMakeFiles/cmTC_7ec63.dir/testCCompiler.c.o
    /usr/bin/cc    -o CMakeFiles/cmTC_7ec63.dir/testCCompiler.c.o -c /home/se/Documents/znfs/cmake-build-debug/CMakeFiles/CMakeTmp/testCCompiler.c
    Linking C executable cmTC_7ec63
    /home/se/Documents/clion-2021.2.1/bin/cmake/linux/bin/cmake -E cmake_link_script CMakeFiles/cmTC_7ec63.dir/link.txt --verbose=1
    /usr/bin/cc CMakeFiles/cmTC_7ec63.dir/testCCompiler.c.o -o cmTC_7ec63 
    /usr/bin/ld: cannot find crt1.o: No such file or directory
    /usr/bin/ld: cannot find crti.o: No such file or directory
    /usr/bin/ld: cannot find -lc
    /usr/bin/ld: cannot find crtn.o: No such file or directory
    collect2: error: ld returned 1 exit status
    CMakeFiles/cmTC_7ec63.dir/build.make:98: recipe for target 'cmTC_7ec63' failed
    make[1]: *** [cmTC_7ec63] Error 1
    make[1]: Leaving directory '/home/se/Documents/znfs/cmake-build-debug/CMakeFiles/CMakeTmp'
    Makefile:127: recipe for target 'cmTC_7ec63/fast' failed
    make: *** [cmTC_7ec63/fast] Error 2
    
    

  

  CMake will not be able to correctly generate this project.
Call Stack (most recent call first):
  CMakeLists.txt:2 (project)


CMake Error at CMakeLists.txt:2 (project):
  No CMAKE_CXX_COMPILER could be found.

  Tell CMake where to find the compiler by setting either the environment
  variable "CXX" or the CMake cache entry CMAKE_CXX_COMPILER to the full path
  to the compiler, or to the compiler name if it is in the PATH.


-- Configuring incomplete, errors occurred!
See also "/home/se/Documents/znfs/cmake-build-debug/CMakeFiles/CMakeOutput.log".
See also "/home/se/Documents/znfs/cmake-build-debug/CMakeFiles/CMakeError.log".
